2024-12-21 15:07:48 INFO  utils.LogManager - [Suite: ] [Test: ] - Test Started...........
2024-12-21 15:07:49 INFO  utils.LogManager - [Suite: Ecommerce-Playwright Suite] [Test: testValidLogin] - Navigated to URL: https://www.saucedemo.com/v1/
2024-12-21 15:07:49 INFO  utils.LogManager - [Suite: Ecommerce-Playwright Suite] [Test: testValidLogin] - Typed standard_user into element: //input[@id='user-name']
2024-12-21 15:07:49 INFO  utils.LogManager - [Suite: Ecommerce-Playwright Suite] [Test: testValidLogin] - Typed secret_sauce into element: //input[@id='password']
2024-12-21 15:07:51 INFO  utils.LogManager - [Suite: Ecommerce-Playwright Suite] [Test: testValidLogin] - Clicked on element: //input[@id='login-button']
2024-12-21 15:07:51 INFO  utils.LogManager - [Suite: Ecommerce-Playwright Suite] [Test: testValidLogin] - Test Success...........
2024-12-21 15:07:57 INFO  utils.LogManager - [Suite: ] [Test: ] - Test Started...........
2024-12-21 15:07:58 INFO  utils.LogManager - [Suite: Ecommerce-Playwright Suite] [Test: testValidLogin] - Navigated to URL: https://www.saucedemo.com/v1/
2024-12-21 15:07:58 INFO  utils.LogManager - [Suite: Ecommerce-Playwright Suite] [Test: testValidLogin] - Typed problem_user into element: //input[@id='user-name']
2024-12-21 15:07:58 INFO  utils.LogManager - [Suite: Ecommerce-Playwright Suite] [Test: testValidLogin] - Typed secret_sauce into element: //input[@id='password']
2024-12-21 15:07:59 INFO  utils.LogManager - [Suite: Ecommerce-Playwright Suite] [Test: testValidLogin] - Clicked on element: //input[@id='login-button']
2024-12-21 15:07:59 INFO  utils.LogManager - [Suite: Ecommerce-Playwright Suite] [Test: testValidLogin] - Test Success...........
2024-12-21 15:08:03 INFO  utils.LogManager - [Suite: ] [Test: ] - Test Started...........
2024-12-21 15:08:04 INFO  utils.LogManager - [Suite: Ecommerce-Playwright Suite] [Test: testValidLogin] - Navigated to URL: https://www.saucedemo.com/v1/
2024-12-21 15:08:04 INFO  utils.LogManager - [Suite: Ecommerce-Playwright Suite] [Test: testValidLogin] - Typed performance_glitch_user into element: //input[@id='user-name']
2024-12-21 15:08:04 INFO  utils.LogManager - [Suite: Ecommerce-Playwright Suite] [Test: testValidLogin] - Typed secret_sauce into element: //input[@id='password']
2024-12-21 15:08:09 INFO  utils.LogManager - [Suite: Ecommerce-Playwright Suite] [Test: testValidLogin] - Clicked on element: //input[@id='login-button']
2024-12-21 15:08:09 INFO  utils.LogManager - [Suite: Ecommerce-Playwright Suite] [Test: testValidLogin] - Test Success...........
2024-12-21 15:13:27 INFO  utils.LogManager - [Suite: ] [Test: ] - Test Started...........
2024-12-21 15:13:27 INFO  utils.LogManager - [Suite: Ecommerce-Playwright Suite] [Test: testValidLogin] - Navigated to URL: https://www.saucedemo.com/v1/
2024-12-21 15:13:27 INFO  utils.LogManager - [Suite: Ecommerce-Playwright Suite] [Test: testValidLogin] - Typed standard_user into element: //input[@id='user-name']
2024-12-21 15:13:27 INFO  utils.LogManager - [Suite: Ecommerce-Playwright Suite] [Test: testValidLogin] - Typed secret_sauce into element: //input[@id='password']
2024-12-21 15:13:27 INFO  utils.LogManager - [Suite: Ecommerce-Playwright Suite] [Test: testValidLogin] - Clicked on element: //input[@id='login-button']
2024-12-21 15:13:28 INFO  utils.LogManager - [Suite: Ecommerce-Playwright Suite] [Test: testValidLogin] - Test Success...........
2024-12-21 15:14:45 INFO  utils.LogManager - [Suite: ] [Test: ] - Test Started...........
2024-12-21 15:14:46 INFO  utils.LogManager - [Suite: Ecommerce-Playwright Suite] [Test: testValidLogin] - Navigated to URL: https://www.saucedemo.com/v1/
2024-12-21 15:14:47 INFO  utils.LogManager - [Suite: Ecommerce-Playwright Suite] [Test: testValidLogin] - Typed standard_user into element: //input[@id='user-name']
2024-12-21 15:14:47 INFO  utils.LogManager - [Suite: Ecommerce-Playwright Suite] [Test: testValidLogin] - Typed secret_sauce into element: //input[@id='password']
2024-12-21 15:14:49 INFO  utils.LogManager - [Suite: Ecommerce-Playwright Suite] [Test: testValidLogin] - Clicked on element: //input[@id='login-button']
2024-12-21 15:14:49 INFO  utils.LogManager - [Suite: Ecommerce-Playwright Suite] [Test: testValidLogin] - Test Success...........
2024-12-21 15:14:55 INFO  utils.LogManager - [Suite: ] [Test: ] - Test Started...........
2024-12-21 15:14:55 INFO  utils.LogManager - [Suite: Ecommerce-Playwright Suite] [Test: testValidLogin] - Navigated to URL: https://www.saucedemo.com/v1/
2024-12-21 15:14:55 INFO  utils.LogManager - [Suite: Ecommerce-Playwright Suite] [Test: testValidLogin] - Typed problem_user into element: //input[@id='user-name']
2024-12-21 15:14:55 INFO  utils.LogManager - [Suite: Ecommerce-Playwright Suite] [Test: testValidLogin] - Typed secret_sauce into element: //input[@id='password']
2024-12-21 15:14:55 INFO  utils.LogManager - [Suite: Ecommerce-Playwright Suite] [Test: testValidLogin] - Clicked on element: //input[@id='login-button']
2024-12-21 15:14:55 INFO  utils.LogManager - [Suite: Ecommerce-Playwright Suite] [Test: testValidLogin] - Test Success...........
2024-12-21 15:14:59 INFO  utils.LogManager - [Suite: ] [Test: ] - Test Started...........
2024-12-21 15:15:00 INFO  utils.LogManager - [Suite: Ecommerce-Playwright Suite] [Test: testValidLogin] - Navigated to URL: https://www.saucedemo.com/v1/
2024-12-21 15:15:00 INFO  utils.LogManager - [Suite: Ecommerce-Playwright Suite] [Test: testValidLogin] - Typed performance_glitch_user into element: //input[@id='user-name']
2024-12-21 15:15:00 INFO  utils.LogManager - [Suite: Ecommerce-Playwright Suite] [Test: testValidLogin] - Typed secret_sauce into element: //input[@id='password']
2024-12-21 15:15:00 INFO  utils.LogManager - [Suite: Ecommerce-Playwright Suite] [Test: testValidLogin] - Clicked on element: //input[@id='login-button']
2024-12-21 15:15:05 INFO  utils.LogManager - [Suite: Ecommerce-Playwright Suite] [Test: testValidLogin] - Test Success...........
2024-12-21 15:16:05 INFO  utils.LogManager - [Suite: ] [Test: ] - Test Started...........
2024-12-21 15:16:05 INFO  utils.LogManager - [Suite: Ecommerce-Playwright Suite] [Test: testValidLogin] - Navigated to URL: https://www.saucedemo.com/v1/
2024-12-21 15:16:05 INFO  utils.LogManager - [Suite: Ecommerce-Playwright Suite] [Test: testValidLogin] - Typed standard_user into element: //input[@id='user-name']
2024-12-21 15:16:05 INFO  utils.LogManager - [Suite: Ecommerce-Playwright Suite] [Test: testValidLogin] - Typed secret_sauce into element: //input[@id='password']
2024-12-21 15:16:05 INFO  utils.LogManager - [Suite: Ecommerce-Playwright Suite] [Test: testValidLogin] - Clicked on element: //input[@id='login-button']
2024-12-21 15:16:05 INFO  utils.LogManager - [Suite: Ecommerce-Playwright Suite] [Test: testValidLogin] - Test Success...........
2024-12-21 15:16:09 INFO  utils.LogManager - [Suite: ] [Test: ] - Test Started...........
2024-12-21 15:16:10 INFO  utils.LogManager - [Suite: Ecommerce-Playwright Suite] [Test: testValidLogin] - Navigated to URL: https://www.saucedemo.com/v1/
2024-12-21 15:16:10 INFO  utils.LogManager - [Suite: Ecommerce-Playwright Suite] [Test: testValidLogin] - Typed problem_user into element: //input[@id='user-name']
2024-12-21 15:16:10 INFO  utils.LogManager - [Suite: Ecommerce-Playwright Suite] [Test: testValidLogin] - Typed secret_sauce into element: //input[@id='password']
2024-12-21 15:16:10 INFO  utils.LogManager - [Suite: Ecommerce-Playwright Suite] [Test: testValidLogin] - Clicked on element: //input[@id='login-button']
2024-12-21 15:16:10 INFO  utils.LogManager - [Suite: Ecommerce-Playwright Suite] [Test: testValidLogin] - Test Success...........
2024-12-21 15:16:14 INFO  utils.LogManager - [Suite: ] [Test: ] - Test Started...........
2024-12-21 15:16:14 INFO  utils.LogManager - [Suite: Ecommerce-Playwright Suite] [Test: testValidLogin] - Navigated to URL: https://www.saucedemo.com/v1/
2024-12-21 15:16:14 INFO  utils.LogManager - [Suite: Ecommerce-Playwright Suite] [Test: testValidLogin] - Typed performance_glitch_user into element: //input[@id='user-name']
2024-12-21 15:16:14 INFO  utils.LogManager - [Suite: Ecommerce-Playwright Suite] [Test: testValidLogin] - Typed secret_sauce into element: //input[@id='password']
2024-12-21 15:16:19 INFO  utils.LogManager - [Suite: Ecommerce-Playwright Suite] [Test: testValidLogin] - Clicked on element: //input[@id='login-button']
2024-12-21 15:16:19 INFO  utils.LogManager - [Suite: Ecommerce-Playwright Suite] [Test: testValidLogin] - Test Success...........
2024-12-21 15:38:03 INFO  utils.LogManager - [Suite: ] [Test: ] - Test Started...........
2024-12-21 15:38:04 INFO  utils.LogManager - [Suite: Ecommerce-Playwright Suite] [Test: testValidLogin] - Navigated to URL: https://www.saucedemo.com/v1/
2024-12-21 15:38:05 INFO  utils.LogManager - [Suite: Ecommerce-Playwright Suite] [Test: testValidLogin] - Typed standard_user into element: //input[@id='user-name']
2024-12-21 15:38:05 INFO  utils.LogManager - [Suite: Ecommerce-Playwright Suite] [Test: testValidLogin] - Typed secret_sauce into element: //input[@id='password']
2024-12-21 15:38:07 INFO  utils.LogManager - [Suite: Ecommerce-Playwright Suite] [Test: testValidLogin] - Clicked on element: //input[@id='login-button']
2024-12-21 15:38:07 INFO  utils.LogManager - [Suite: Ecommerce-Playwright Suite] [Test: testValidLogin] - Test Success...........
2024-12-21 15:38:14 INFO  utils.LogManager - [Suite: ] [Test: ] - Test Started...........
2024-12-21 15:38:14 INFO  utils.LogManager - [Suite: Ecommerce-Playwright Suite] [Test: testValidLogin] - Navigated to URL: https://www.saucedemo.com/v1/
2024-12-21 15:38:15 INFO  utils.LogManager - [Suite: Ecommerce-Playwright Suite] [Test: testValidLogin] - Typed problem_user into element: //input[@id='user-name']
2024-12-21 15:38:15 INFO  utils.LogManager - [Suite: Ecommerce-Playwright Suite] [Test: testValidLogin] - Typed secret_sauce into element: //input[@id='password']
2024-12-21 15:38:15 INFO  utils.LogManager - [Suite: Ecommerce-Playwright Suite] [Test: testValidLogin] - Clicked on element: //input[@id='login-button']
2024-12-21 15:38:15 INFO  utils.LogManager - [Suite: Ecommerce-Playwright Suite] [Test: testValidLogin] - Test Success...........
2024-12-21 15:38:44 INFO  utils.LogManager - [Suite: ] [Test: ] - Test Started...........
2024-12-21 15:38:44 INFO  utils.LogManager - [Suite: Ecommerce-Playwright Suite] [Test: testValidLogin] - Navigated to URL: https://www.saucedemo.com/v1/
2024-12-21 15:38:44 INFO  utils.LogManager - [Suite: Ecommerce-Playwright Suite] [Test: testValidLogin] - Typed performance_glitch_user into element: //input[@id='user-name']
2024-12-21 15:38:44 INFO  utils.LogManager - [Suite: Ecommerce-Playwright Suite] [Test: testValidLogin] - Typed secret_sauce into element: //input[@id='password']
2024-12-21 15:38:50 INFO  utils.LogManager - [Suite: Ecommerce-Playwright Suite] [Test: testValidLogin] - Clicked on element: //input[@id='login-button']
2024-12-21 15:38:50 INFO  utils.LogManager - [Suite: Ecommerce-Playwright Suite] [Test: testValidLogin] - Test Success...........
2024-12-22 09:07:56 INFO  utils.LogManager - [Suite: ] [Test: ] - Test Started...........
2024-12-22 09:07:57 INFO  utils.LogManager - [Suite: Ecommerce-Playwright Suite] [Test: testValidLogin] - Navigated to URL: https://www.saucedemo.com/v1/
2024-12-22 09:07:57 INFO  utils.LogManager - [Suite: Ecommerce-Playwright Suite] [Test: testValidLogin] - Typed standard_user into element: //input[@id='user-name']
2024-12-22 09:07:57 INFO  utils.LogManager - [Suite: Ecommerce-Playwright Suite] [Test: testValidLogin] - Typed secret_sauce into element: //input[@id='password']
2024-12-22 09:07:57 INFO  utils.LogManager - [Suite: Ecommerce-Playwright Suite] [Test: testValidLogin] - Clicked on element: //input[@id='login-button']
2024-12-22 09:07:57 INFO  utils.LogManager - [Suite: Ecommerce-Playwright Suite] [Test: testValidLogin] - Test Success...........
2024-12-22 09:08:03 INFO  utils.LogManager - [Suite: ] [Test: ] - Test Started...........
2024-12-22 09:08:03 INFO  utils.LogManager - [Suite: Ecommerce-Playwright Suite] [Test: testValidLogin] - Navigated to URL: https://www.saucedemo.com/v1/
2024-12-22 09:08:03 INFO  utils.LogManager - [Suite: Ecommerce-Playwright Suite] [Test: testValidLogin] - Typed problem_user into element: //input[@id='user-name']
2024-12-22 09:08:03 INFO  utils.LogManager - [Suite: Ecommerce-Playwright Suite] [Test: testValidLogin] - Typed secret_sauce into element: //input[@id='password']
2024-12-22 09:08:04 INFO  utils.LogManager - [Suite: Ecommerce-Playwright Suite] [Test: testValidLogin] - Clicked on element: //input[@id='login-button']
2024-12-22 09:08:04 INFO  utils.LogManager - [Suite: Ecommerce-Playwright Suite] [Test: testValidLogin] - Test Success...........
2024-12-22 09:08:08 INFO  utils.LogManager - [Suite: ] [Test: ] - Test Started...........
2024-12-22 09:08:08 INFO  utils.LogManager - [Suite: Ecommerce-Playwright Suite] [Test: testValidLogin] - Navigated to URL: https://www.saucedemo.com/v1/
2024-12-22 09:08:08 INFO  utils.LogManager - [Suite: Ecommerce-Playwright Suite] [Test: testValidLogin] - Typed performance_glitch_user into element: //input[@id='user-name']
2024-12-22 09:08:08 INFO  utils.LogManager - [Suite: Ecommerce-Playwright Suite] [Test: testValidLogin] - Typed secret_sauce into element: //input[@id='password']
2024-12-22 09:08:08 INFO  utils.LogManager - [Suite: Ecommerce-Playwright Suite] [Test: testValidLogin] - Clicked on element: //input[@id='login-button']
2024-12-22 09:08:13 INFO  utils.LogManager - [Suite: Ecommerce-Playwright Suite] [Test: testValidLogin] - Test Success...........
2024-12-22 09:28:37 INFO  utils.LogManager - [Suite: ] [Test: ] - Test Started...........
2024-12-22 09:28:39 INFO  utils.LogManager - [Suite: Ecommerce-Playwright Suite] [Test: testValidLogin] - Navigated to URL: https://www.saucedemo.com/v1/
2024-12-22 09:28:39 INFO  utils.LogManager - [Suite: Ecommerce-Playwright Suite] [Test: testValidLogin] - Typed standard_user into element: //input[@id='user-name']
2024-12-22 09:28:39 INFO  utils.LogManager - [Suite: Ecommerce-Playwright Suite] [Test: testValidLogin] - Typed secret_sauce into element: //input[@id='password']
2024-12-22 09:28:39 INFO  utils.LogManager - [Suite: Ecommerce-Playwright Suite] [Test: testValidLogin] - Clicked on element: //input[@id='login-button']
2024-12-22 09:28:39 INFO  utils.LogManager - [Suite: Ecommerce-Playwright Suite] [Test: testValidLogin] - Test Success...........
2024-12-22 09:28:45 INFO  utils.LogManager - [Suite: ] [Test: ] - Test Started...........
2024-12-22 09:28:45 INFO  utils.LogManager - [Suite: Ecommerce-Playwright Suite] [Test: testValidLogin] - Navigated to URL: https://www.saucedemo.com/v1/
2024-12-22 09:28:46 INFO  utils.LogManager - [Suite: Ecommerce-Playwright Suite] [Test: testValidLogin] - Typed problem_user into element: //input[@id='user-name']
2024-12-22 09:28:46 INFO  utils.LogManager - [Suite: Ecommerce-Playwright Suite] [Test: testValidLogin] - Typed secret_sauce into element: //input[@id='password']
2024-12-22 09:28:46 INFO  utils.LogManager - [Suite: Ecommerce-Playwright Suite] [Test: testValidLogin] - Clicked on element: //input[@id='login-button']
2024-12-22 09:28:46 INFO  utils.LogManager - [Suite: Ecommerce-Playwright Suite] [Test: testValidLogin] - Test Success...........
2024-12-22 09:28:50 INFO  utils.LogManager - [Suite: ] [Test: ] - Test Started...........
2024-12-22 09:28:51 INFO  utils.LogManager - [Suite: Ecommerce-Playwright Suite] [Test: testValidLogin] - Navigated to URL: https://www.saucedemo.com/v1/
2024-12-22 09:28:51 INFO  utils.LogManager - [Suite: Ecommerce-Playwright Suite] [Test: testValidLogin] - Typed performance_glitch_user into element: //input[@id='user-name']
2024-12-22 09:28:51 INFO  utils.LogManager - [Suite: Ecommerce-Playwright Suite] [Test: testValidLogin] - Typed secret_sauce into element: //input[@id='password']
2024-12-22 09:28:51 INFO  utils.LogManager - [Suite: Ecommerce-Playwright Suite] [Test: testValidLogin] - Clicked on element: //input[@id='login-button']
2024-12-22 09:28:56 INFO  utils.LogManager - [Suite: Ecommerce-Playwright Suite] [Test: testValidLogin] - Test Success...........
2024-12-22 11:47:49 INFO  utils.LogManager - [Suite: ] [Test: ] - Test Started...........
2024-12-22 11:47:50 INFO  utils.LogManager - [Suite: Ecommerce-Playwright Suite] [Test: testValidLogin] - Navigated to URL: https://www.saucedemo.com/v1/
2024-12-22 11:47:50 INFO  utils.LogManager - [Suite: Ecommerce-Playwright Suite] [Test: testValidLogin] - Typed standard_user into element: //input[@id='user-name']
2024-12-22 11:47:51 INFO  utils.LogManager - [Suite: Ecommerce-Playwright Suite] [Test: testValidLogin] - Typed secret_sauce into element: //input[@id='password']
2024-12-22 11:47:51 INFO  utils.LogManager - [Suite: Ecommerce-Playwright Suite] [Test: testValidLogin] - Clicked on element: //input[@id='login-button']
2024-12-22 11:47:53 INFO  utils.LogManager - [Suite: Ecommerce-Playwright Suite] [Test: testValidLogin] - Test Success...........
2024-12-22 11:47:57 INFO  utils.LogManager - [Suite: ] [Test: ] - Test Started...........
2024-12-22 11:47:59 INFO  utils.LogManager - [Suite: Ecommerce-Playwright Suite] [Test: testValidLogin] - Navigated to URL: https://www.saucedemo.com/v1/
2024-12-22 11:48:00 INFO  utils.LogManager - [Suite: Ecommerce-Playwright Suite] [Test: testValidLogin] - Typed problem_user into element: //input[@id='user-name']
2024-12-22 11:48:00 INFO  utils.LogManager - [Suite: Ecommerce-Playwright Suite] [Test: testValidLogin] - Typed secret_sauce into element: //input[@id='password']
2024-12-22 11:48:00 INFO  utils.LogManager - [Suite: Ecommerce-Playwright Suite] [Test: testValidLogin] - Clicked on element: //input[@id='login-button']
2024-12-22 11:48:01 INFO  utils.LogManager - [Suite: Ecommerce-Playwright Suite] [Test: testValidLogin] - Test Success...........
2024-12-22 11:48:04 INFO  utils.LogManager - [Suite: ] [Test: ] - Test Started...........
2024-12-22 11:48:04 INFO  utils.LogManager - [Suite: Ecommerce-Playwright Suite] [Test: testValidLogin] - Navigated to URL: https://www.saucedemo.com/v1/
2024-12-22 11:48:05 INFO  utils.LogManager - [Suite: Ecommerce-Playwright Suite] [Test: testValidLogin] - Typed performance_glitch_user into element: //input[@id='user-name']
2024-12-22 11:48:05 INFO  utils.LogManager - [Suite: Ecommerce-Playwright Suite] [Test: testValidLogin] - Typed secret_sauce into element: //input[@id='password']
2024-12-22 11:48:05 INFO  utils.LogManager - [Suite: Ecommerce-Playwright Suite] [Test: testValidLogin] - Clicked on element: //input[@id='login-button']
2024-12-22 11:48:12 INFO  utils.LogManager - [Suite: Ecommerce-Playwright Suite] [Test: testValidLogin] - Test Success...........
2024-12-22 11:53:04 INFO  utils.LogManager - [Suite: ] [Test: ] - Test Started...........
2024-12-22 11:53:05 INFO  utils.LogManager - [Suite: Ecommerce-Playwright Suite] [Test: testValidLogin] - Navigated to URL: https://www.saucedemo.com/v1/
2024-12-22 11:53:05 INFO  utils.LogManager - [Suite: Ecommerce-Playwright Suite] [Test: testValidLogin] - Typed standard_user into element: //input[@id='user-name']
2024-12-22 11:53:05 INFO  utils.LogManager - [Suite: Ecommerce-Playwright Suite] [Test: testValidLogin] - Typed secret_sauce into element: //input[@id='password']
2024-12-22 11:53:05 INFO  utils.LogManager - [Suite: Ecommerce-Playwright Suite] [Test: testValidLogin] - Clicked on element: //input[@id='login-button']
2024-12-22 11:53:05 INFO  utils.LogManager - [Suite: Ecommerce-Playwright Suite] [Test: testValidLogin] - Test Success...........
2024-12-22 11:53:10 INFO  utils.LogManager - [Suite: ] [Test: ] - Test Started...........
2024-12-22 11:53:10 INFO  utils.LogManager - [Suite: Ecommerce-Playwright Suite] [Test: testValidLogin] - Navigated to URL: https://www.saucedemo.com/v1/
2024-12-22 11:53:10 INFO  utils.LogManager - [Suite: Ecommerce-Playwright Suite] [Test: testValidLogin] - Typed problem_user into element: //input[@id='user-name']
2024-12-22 11:53:10 INFO  utils.LogManager - [Suite: Ecommerce-Playwright Suite] [Test: testValidLogin] - Typed secret_sauce into element: //input[@id='password']
2024-12-22 11:53:11 INFO  utils.LogManager - [Suite: Ecommerce-Playwright Suite] [Test: testValidLogin] - Clicked on element: //input[@id='login-button']
2024-12-22 11:53:11 INFO  utils.LogManager - [Suite: Ecommerce-Playwright Suite] [Test: testValidLogin] - Test Success...........
2024-12-22 11:53:14 INFO  utils.LogManager - [Suite: ] [Test: ] - Test Started...........
2024-12-22 11:53:14 INFO  utils.LogManager - [Suite: Ecommerce-Playwright Suite] [Test: testValidLogin] - Navigated to URL: https://www.saucedemo.com/v1/
2024-12-22 11:53:14 INFO  utils.LogManager - [Suite: Ecommerce-Playwright Suite] [Test: testValidLogin] - Typed performance_glitch_user into element: //input[@id='user-name']
2024-12-22 11:53:14 INFO  utils.LogManager - [Suite: Ecommerce-Playwright Suite] [Test: testValidLogin] - Typed secret_sauc into element: //input[@id='password']
2024-12-22 11:53:14 INFO  utils.LogManager - [Suite: Ecommerce-Playwright Suite] [Test: testValidLogin] - Clicked on element: //input[@id='login-button']
2024-12-22 11:53:14 INFO  utils.LogManager - [Suite: Ecommerce-Playwright Suite] [Test: testValidLogin] - Test Success...........
2024-12-22 11:54:46 INFO  utils.LogManager - [Suite: ] [Test: ] - Test Started...........
2024-12-22 11:54:47 INFO  utils.LogManager - [Suite: Ecommerce-Playwright Suite] [Test: testValidLogin] - Navigated to URL: https://www.saucedemo.com/v1/
2024-12-22 11:54:47 INFO  utils.LogManager - [Suite: Ecommerce-Playwright Suite] [Test: testValidLogin] - Typed standard_user into element: //input[@id='user-name']
2024-12-22 11:54:47 INFO  utils.LogManager - [Suite: Ecommerce-Playwright Suite] [Test: testValidLogin] - Typed secret_sauce into element: //input[@id='password']
2024-12-22 11:54:48 INFO  utils.LogManager - [Suite: Ecommerce-Playwright Suite] [Test: testValidLogin] - Clicked on element: //input[@id='login-button']
2024-12-22 11:54:48 INFO  utils.LogManager - [Suite: Ecommerce-Playwright Suite] [Test: testValidLogin] - Test Success...........
2024-12-22 11:54:53 INFO  utils.LogManager - [Suite: ] [Test: ] - Test Started...........
2024-12-22 11:54:53 INFO  utils.LogManager - [Suite: Ecommerce-Playwright Suite] [Test: testValidLogin] - Navigated to URL: https://www.saucedemo.com/v1/
2024-12-22 11:54:53 INFO  utils.LogManager - [Suite: Ecommerce-Playwright Suite] [Test: testValidLogin] - Typed problem_user into element: //input[@id='user-name']
2024-12-22 11:54:53 INFO  utils.LogManager - [Suite: Ecommerce-Playwright Suite] [Test: testValidLogin] - Typed secret_sauce into element: //input[@id='password']
2024-12-22 11:54:53 INFO  utils.LogManager - [Suite: Ecommerce-Playwright Suite] [Test: testValidLogin] - Clicked on element: //input[@id='login-button']
2024-12-22 11:54:54 INFO  utils.LogManager - [Suite: Ecommerce-Playwright Suite] [Test: testValidLogin] - Test Success...........
2024-12-22 11:54:56 INFO  utils.LogManager - [Suite: ] [Test: ] - Test Started...........
2024-12-22 11:54:57 INFO  utils.LogManager - [Suite: Ecommerce-Playwright Suite] [Test: testValidLogin] - Navigated to URL: https://www.saucedemo.com/v1/
2024-12-22 11:54:57 INFO  utils.LogManager - [Suite: Ecommerce-Playwright Suite] [Test: testValidLogin] - Typed performance_glitch_user into element: //input[@id='user-name']
2024-12-22 11:54:57 INFO  utils.LogManager - [Suite: Ecommerce-Playwright Suite] [Test: testValidLogin] - Typed secret_sau into element: //input[@id='password']
2024-12-22 11:54:57 INFO  utils.LogManager - [Suite: Ecommerce-Playwright Suite] [Test: testValidLogin] - Clicked on element: //input[@id='login-button']
2024-12-22 11:54:57 INFO  utils.LogManager - [Suite: Ecommerce-Playwright Suite] [Test: testValidLogin] - Test Success...........
2024-12-22 12:03:29 INFO  utils.LogManager - [Suite: ] [Test: ] - Test Started...........
2024-12-22 12:03:30 INFO  utils.LogManager - [Suite: Ecommerce-Playwright Suite] [Test: testValidLogin] - Navigated to URL: https://www.saucedemo.com/v1/
2024-12-22 12:03:30 INFO  utils.LogManager - [Suite: Ecommerce-Playwright Suite] [Test: testValidLogin] - Typed standard_user into element: //input[@id='user-name']
2024-12-22 12:03:30 INFO  utils.LogManager - [Suite: Ecommerce-Playwright Suite] [Test: testValidLogin] - Typed secret_sauce into element: //input[@id='password']
2024-12-22 12:03:30 INFO  utils.LogManager - [Suite: Ecommerce-Playwright Suite] [Test: testValidLogin] - Clicked on element: //input[@id='login-button']
2024-12-22 12:03:30 INFO  utils.LogManager - [Suite: Ecommerce-Playwright Suite] [Test: testValidLogin] - Test failure...........
2024-12-22 12:03:35 INFO  utils.LogManager - [Suite: ] [Test: ] - Test Started...........
2024-12-22 12:03:35 INFO  utils.LogManager - [Suite: Ecommerce-Playwright Suite] [Test: testValidLogin] - Navigated to URL: https://www.saucedemo.com/v1/
2024-12-22 12:03:36 INFO  utils.LogManager - [Suite: Ecommerce-Playwright Suite] [Test: testValidLogin] - Typed problem_user into element: //input[@id='user-name']
2024-12-22 12:03:36 INFO  utils.LogManager - [Suite: Ecommerce-Playwright Suite] [Test: testValidLogin] - Typed secret_sauce into element: //input[@id='password']
2024-12-22 12:03:36 INFO  utils.LogManager - [Suite: Ecommerce-Playwright Suite] [Test: testValidLogin] - Clicked on element: //input[@id='login-button']
2024-12-22 12:03:36 INFO  utils.LogManager - [Suite: Ecommerce-Playwright Suite] [Test: testValidLogin] - Test failure...........
2024-12-22 12:03:40 INFO  utils.LogManager - [Suite: ] [Test: ] - Test Started...........
2024-12-22 12:03:41 INFO  utils.LogManager - [Suite: Ecommerce-Playwright Suite] [Test: testValidLogin] - Navigated to URL: https://www.saucedemo.com/v1/
2024-12-22 12:03:41 INFO  utils.LogManager - [Suite: Ecommerce-Playwright Suite] [Test: testValidLogin] - Typed performance_glitch_user into element: //input[@id='user-name']
2024-12-22 12:03:41 INFO  utils.LogManager - [Suite: Ecommerce-Playwright Suite] [Test: testValidLogin] - Typed secret_sauce into element: //input[@id='password']
2024-12-22 12:03:42 INFO  utils.LogManager - [Suite: Ecommerce-Playwright Suite] [Test: testValidLogin] - Clicked on element: //input[@id='login-button']
2024-12-22 12:03:47 INFO  utils.LogManager - [Suite: Ecommerce-Playwright Suite] [Test: testValidLogin] - Test failure...........
2024-12-22 13:59:16 DEBUG org.apache.poi.openxml4j.opc.PackageRelationshipCollection - [Suite: ] [Test: ] - Parsing relationship: /xl/_rels/workbook.xml.rels
2024-12-22 13:59:16 DEBUG org.apache.poi.openxml4j.opc.PackageRelationshipCollection - [Suite: ] [Test: ] - Parsing relationship: /_rels/.rels
2024-12-22 14:06:12 DEBUG org.apache.poi.openxml4j.opc.PackageRelationshipCollection - [Suite: ] [Test: ] - Parsing relationship: /xl/_rels/workbook.xml.rels
2024-12-22 14:06:12 DEBUG org.apache.poi.openxml4j.opc.PackageRelationshipCollection - [Suite: ] [Test: ] - Parsing relationship: /_rels/.rels
2024-12-22 14:09:15 DEBUG org.apache.poi.openxml4j.opc.PackageRelationshipCollection - [Suite: ] [Test: ] - Parsing relationship: /xl/_rels/workbook.xml.rels
2024-12-22 14:09:15 DEBUG org.apache.poi.openxml4j.opc.PackageRelationshipCollection - [Suite: ] [Test: ] - Parsing relationship: /_rels/.rels
2024-12-22 14:17:46 DEBUG org.apache.poi.openxml4j.opc.PackageRelationshipCollection - [Suite: ] [Test: ] - Parsing relationship: /xl/_rels/workbook.xml.rels
2024-12-22 14:17:46 DEBUG org.apache.poi.openxml4j.opc.PackageRelationshipCollection - [Suite: ] [Test: ] - Parsing relationship: /_rels/.rels
2024-12-22 14:21:26 DEBUG org.apache.poi.openxml4j.opc.PackageRelationshipCollection - [Suite: ] [Test: ] - Parsing relationship: /xl/_rels/workbook.xml.rels
2024-12-22 14:21:26 DEBUG org.apache.poi.openxml4j.opc.PackageRelationshipCollection - [Suite: ] [Test: ] - Parsing relationship: /_rels/.rels
2024-12-22 14:22:41 DEBUG org.apache.poi.openxml4j.opc.PackageRelationshipCollection - [Suite: ] [Test: ] - Parsing relationship: /xl/_rels/workbook.xml.rels
2024-12-22 14:22:41 DEBUG org.apache.poi.openxml4j.opc.PackageRelationshipCollection - [Suite: ] [Test: ] - Parsing relationship: /_rels/.rels
2024-12-22 14:42:33 DEBUG org.apache.poi.openxml4j.opc.PackageRelationshipCollection - [Suite: ] [Test: ] - Parsing relationship: /xl/_rels/workbook.xml.rels
2024-12-22 14:42:33 DEBUG org.apache.poi.openxml4j.opc.PackageRelationshipCollection - [Suite: ] [Test: ] - Parsing relationship: /_rels/.rels
2024-12-22 14:57:10 DEBUG org.apache.poi.openxml4j.opc.PackageRelationshipCollection - [Suite: ] [Test: ] - Parsing relationship: /xl/_rels/workbook.xml.rels
2024-12-22 14:57:10 DEBUG org.apache.poi.openxml4j.opc.PackageRelationshipCollection - [Suite: ] [Test: ] - Parsing relationship: /_rels/.rels
2024-12-22 14:59:49 INFO  utils.LogManager - [Suite: ] [Test: ] - Test Started...........
2024-12-22 14:59:52 INFO  utils.LogManager - [Suite: Ecommerce-Playwright Suite] [Test: testValidLogin] - Navigated to URL: https://www.saucedemo.com/v1/
2024-12-22 14:59:52 INFO  utils.LogManager - [Suite: Ecommerce-Playwright Suite] [Test: testValidLogin] - Typed standard_user into element: //input[@id='user-name']
2024-12-22 14:59:52 INFO  utils.LogManager - [Suite: Ecommerce-Playwright Suite] [Test: testValidLogin] - Typed secret_sauce into element: //input[@id='password']
2024-12-22 14:59:52 INFO  utils.LogManager - [Suite: Ecommerce-Playwright Suite] [Test: testValidLogin] - Clicked on element: //input[@id='login-button']
2024-12-22 14:59:52 INFO  utils.LogManager - [Suite: Ecommerce-Playwright Suite] [Test: testValidLogin] - Test Success...........
2024-12-22 14:59:54 INFO  utils.LogManager - [Suite: ] [Test: ] - Test Started...........
2024-12-22 14:59:54 INFO  utils.LogManager - [Suite: Ecommerce-Playwright Suite] [Test: testValidLogin] - Navigated to URL: https://www.saucedemo.com/v1/
2024-12-22 14:59:54 INFO  utils.LogManager - [Suite: Ecommerce-Playwright Suite] [Test: testValidLogin] - Typed problem_user into element: //input[@id='user-name']
2024-12-22 14:59:55 INFO  utils.LogManager - [Suite: Ecommerce-Playwright Suite] [Test: testValidLogin] - Typed secret_sauce into element: //input[@id='password']
2024-12-22 14:59:55 INFO  utils.LogManager - [Suite: Ecommerce-Playwright Suite] [Test: testValidLogin] - Clicked on element: //input[@id='login-button']
2024-12-22 14:59:55 INFO  utils.LogManager - [Suite: Ecommerce-Playwright Suite] [Test: testValidLogin] - Test Success...........
2024-12-22 14:59:56 INFO  utils.LogManager - [Suite: ] [Test: ] - Test Started...........
2024-12-22 14:59:56 INFO  utils.LogManager - [Suite: Ecommerce-Playwright Suite] [Test: testValidLogin] - Navigated to URL: https://www.saucedemo.com/v1/
2024-12-22 14:59:56 INFO  utils.LogManager - [Suite: Ecommerce-Playwright Suite] [Test: testValidLogin] - Typed performance_glitch_user into element: //input[@id='user-name']
2024-12-22 14:59:57 INFO  utils.LogManager - [Suite: Ecommerce-Playwright Suite] [Test: testValidLogin] - Typed secret_sauce into element: //input[@id='password']
2024-12-22 14:59:57 INFO  utils.LogManager - [Suite: Ecommerce-Playwright Suite] [Test: testValidLogin] - Clicked on element: //input[@id='login-button']
2024-12-22 15:00:02 INFO  utils.LogManager - [Suite: Ecommerce-Playwright Suite] [Test: testValidLogin] - Test Success...........
2024-12-22 18:27:55 DEBUG org.apache.poi.openxml4j.opc.PackageRelationshipCollection - [Suite: ] [Test: ] - Parsing relationship: /xl/_rels/workbook.xml.rels
2024-12-22 18:27:55 DEBUG org.apache.poi.openxml4j.opc.PackageRelationshipCollection - [Suite: ] [Test: ] - Parsing relationship: /_rels/.rels
2024-12-22 18:30:56 DEBUG org.apache.poi.openxml4j.opc.PackageRelationshipCollection - [Suite: ] [Test: ] - Parsing relationship: /xl/_rels/workbook.xml.rels
2024-12-22 18:30:56 DEBUG org.apache.poi.openxml4j.opc.PackageRelationshipCollection - [Suite: ] [Test: ] - Parsing relationship: /_rels/.rels
2024-12-22 21:54:11 INFO  utils.LogManager - [Suite: ] [Test: ] - Test Started...........
2024-12-22 21:54:14 INFO  utils.LogManager - [Suite: Ecommerce-Playwright Suite] [Test: testValidLogin] - Navigated to URL: https://www.saucedemo.com/v1/
2024-12-22 21:54:14 INFO  utils.LogManager - [Suite: Ecommerce-Playwright Suite] [Test: testValidLogin] - Typed standard_user into element: //input[@id='user-name']
2024-12-22 21:54:14 INFO  utils.LogManager - [Suite: Ecommerce-Playwright Suite] [Test: testValidLogin] - Typed secret_sauce into element: //input[@id='password']
2024-12-22 21:54:14 INFO  utils.LogManager - [Suite: Ecommerce-Playwright Suite] [Test: testValidLogin] - Clicked on element: //input[@id='login-button']
2024-12-22 21:54:14 INFO  utils.LogManager - [Suite: Ecommerce-Playwright Suite] [Test: testValidLogin] - Test Success...........
2024-12-22 21:54:16 INFO  utils.LogManager - [Suite: ] [Test: ] - Test Started...........
2024-12-22 21:54:16 INFO  utils.LogManager - [Suite: Ecommerce-Playwright Suite] [Test: testValidLogin] - Navigated to URL: https://www.saucedemo.com/v1/
2024-12-22 21:54:16 INFO  utils.LogManager - [Suite: Ecommerce-Playwright Suite] [Test: testValidLogin] - Typed problem_user into element: //input[@id='user-name']
2024-12-22 21:54:17 INFO  utils.LogManager - [Suite: Ecommerce-Playwright Suite] [Test: testValidLogin] - Typed secret_sauce into element: //input[@id='password']
2024-12-22 21:54:17 INFO  utils.LogManager - [Suite: Ecommerce-Playwright Suite] [Test: testValidLogin] - Clicked on element: //input[@id='login-button']
2024-12-22 21:54:17 INFO  utils.LogManager - [Suite: Ecommerce-Playwright Suite] [Test: testValidLogin] - Test Success...........
2024-12-22 21:54:18 INFO  utils.LogManager - [Suite: ] [Test: ] - Test Started...........
2024-12-22 21:54:19 INFO  utils.LogManager - [Suite: Ecommerce-Playwright Suite] [Test: testValidLogin] - Navigated to URL: https://www.saucedemo.com/v1/
2024-12-22 21:54:19 INFO  utils.LogManager - [Suite: Ecommerce-Playwright Suite] [Test: testValidLogin] - Typed performance_glitch_user into element: //input[@id='user-name']
2024-12-22 21:54:19 INFO  utils.LogManager - [Suite: Ecommerce-Playwright Suite] [Test: testValidLogin] - Typed secret_sauce into element: //input[@id='password']
2024-12-22 21:54:19 INFO  utils.LogManager - [Suite: Ecommerce-Playwright Suite] [Test: testValidLogin] - Clicked on element: //input[@id='login-button']
2024-12-22 21:54:24 INFO  utils.LogManager - [Suite: Ecommerce-Playwright Suite] [Test: testValidLogin] - Test Success...........
2024-12-29 11:25:18 INFO  utils.LogManager - [Suite: ] [Test: ] - Test Started...........
2024-12-29 11:25:21 INFO  utils.LogManager - [Suite: Ecommerce-Playwright Suite] [Test: testValidLogin] - Navigated to URL: https://www.saucedemo.com/v1/
2024-12-29 11:25:21 INFO  utils.LogManager - [Suite: Ecommerce-Playwright Suite] [Test: testValidLogin] - Typed standard_user into element: //input[@id='user-name']
2024-12-29 11:25:21 INFO  utils.LogManager - [Suite: Ecommerce-Playwright Suite] [Test: testValidLogin] - Typed secret_sauce into element: //input[@id='password']
2024-12-29 11:25:22 INFO  utils.LogManager - [Suite: Ecommerce-Playwright Suite] [Test: testValidLogin] - Clicked on element: //input[@id='login-button']
2024-12-29 11:25:22 INFO  utils.LogManager - [Suite: Ecommerce-Playwright Suite] [Test: testValidLogin] - Test Success...........
2024-12-29 11:25:23 INFO  utils.LogManager - [Suite: ] [Test: ] - Test Started...........
2024-12-29 11:25:23 INFO  utils.LogManager - [Suite: Ecommerce-Playwright Suite] [Test: testValidLogin] - Navigated to URL: https://www.saucedemo.com/v1/
2024-12-29 11:25:24 INFO  utils.LogManager - [Suite: Ecommerce-Playwright Suite] [Test: testValidLogin] - Typed problem_user into element: //input[@id='user-name']
2024-12-29 11:25:24 INFO  utils.LogManager - [Suite: Ecommerce-Playwright Suite] [Test: testValidLogin] - Typed secret_sauce into element: //input[@id='password']
2024-12-29 11:25:24 INFO  utils.LogManager - [Suite: Ecommerce-Playwright Suite] [Test: testValidLogin] - Clicked on element: //input[@id='login-button']
2024-12-29 11:25:24 INFO  utils.LogManager - [Suite: Ecommerce-Playwright Suite] [Test: testValidLogin] - Test Success...........
2024-12-29 11:25:25 INFO  utils.LogManager - [Suite: ] [Test: ] - Test Started...........
2024-12-29 11:25:25 INFO  utils.LogManager - [Suite: Ecommerce-Playwright Suite] [Test: testValidLogin] - Navigated to URL: https://www.saucedemo.com/v1/
2024-12-29 11:25:26 INFO  utils.LogManager - [Suite: Ecommerce-Playwright Suite] [Test: testValidLogin] - Typed performance_glitch_user into element: //input[@id='user-name']
2024-12-29 11:25:26 INFO  utils.LogManager - [Suite: Ecommerce-Playwright Suite] [Test: testValidLogin] - Typed secret_sauce into element: //input[@id='password']
2024-12-29 11:25:26 INFO  utils.LogManager - [Suite: Ecommerce-Playwright Suite] [Test: testValidLogin] - Clicked on element: //input[@id='login-button']
2024-12-29 11:25:31 INFO  utils.LogManager - [Suite: Ecommerce-Playwright Suite] [Test: testValidLogin] - Test Success...........
